[2021-10-30 01:27:56.398] [exthost] [info] extension host started
[2021-10-30 01:27:56.421] [exthost] [info] Lock '/home/silonimo/.vscode-server/data/User/workspaceStorage/4d9b7fd06d91b6f6dde3f37ee0445dc5/vscode.lock': Lock acquired.
[2021-10-30 01:27:56.872] [exthost] [info] ExtensionService#_doActivateExtension vscode.debug-auto-launch, startup: true, activationEvent: '*'
[2021-10-30 01:27:56.873] [exthost] [info] ExtensionService#loadCommonJSModule file:///home/silonimo/.vscode-server/bin/6cba118ac49a1b88332f312a8f67186f7f3c1643/extensions/debug-auto-launch/dist/extension
[2021-10-30 01:27:56.905] [exthost] [info] ExtensionService#_doActivateExtension vscode.git, startup: true, activationEvent: '*', root cause: vscode.github
[2021-10-30 01:27:56.905] [exthost] [info] ExtensionService#loadCommonJSModule file:///home/silonimo/.vscode-server/bin/6cba118ac49a1b88332f312a8f67186f7f3c1643/extensions/git/dist/main
[2021-10-30 01:27:57.127] [exthost] [info] ExtensionService#_doActivateExtension christian-kohler.path-intellisense, startup: true, activationEvent: '*'
[2021-10-30 01:27:57.127] [exthost] [info] ExtensionService#loadCommonJSModule file:///home/silonimo/.vscode-server/extensions/christian-kohler.path-intellisense-2.4.1/out/extension.js
[2021-10-30 01:27:57.146] [exthost] [info] ExtensionService#_doActivateExtension naumovs.color-highlight, startup: true, activationEvent: '*'
[2021-10-30 01:27:57.147] [exthost] [info] ExtensionService#loadCommonJSModule file:///home/silonimo/.vscode-server/extensions/naumovs.color-highlight-2.5.0/dist/extension-node.js
[2021-10-30 01:27:57.169] [exthost] [info] ExtensionService#_doActivateExtension ritwickdey.LiveServer, startup: true, activationEvent: '*'
[2021-10-30 01:27:57.169] [exthost] [info] ExtensionService#loadCommonJSModule file:///home/silonimo/.vscode-server/extensions/ritwickdey.liveserver-5.6.1/out/src/extension
[2021-10-30 01:27:58.896] [exthost] [info] ExtensionService#_doActivateExtension vscode.github, startup: true, activationEvent: '*'
[2021-10-30 01:27:58.897] [exthost] [info] ExtensionService#loadCommonJSModule file:///home/silonimo/.vscode-server/bin/6cba118ac49a1b88332f312a8f67186f7f3c1643/extensions/github/dist/extension.js
[2021-10-30 01:27:59.103] [exthost] [info] ExtensionService#_doActivateExtension vscode.emmet, startup: false, activationEvent: 'onStartupFinished'
[2021-10-30 01:27:59.103] [exthost] [info] ExtensionService#loadCommonJSModule file:///home/silonimo/.vscode-server/bin/6cba118ac49a1b88332f312a8f67186f7f3c1643/extensions/emmet/dist/node/emmetNodeMain
[2021-10-30 01:27:59.152] [exthost] [info] ExtensionService#_doActivateExtension vscode.merge-conflict, startup: false, activationEvent: 'onStartupFinished'
[2021-10-30 01:27:59.153] [exthost] [info] ExtensionService#loadCommonJSModule file:///home/silonimo/.vscode-server/bin/6cba118ac49a1b88332f312a8f67186f7f3c1643/extensions/merge-conflict/dist/mergeConflictMain
[2021-10-30 01:27:59.169] [exthost] [info] ExtensionService#_doActivateExtension esbenp.prettier-vscode, startup: false, activationEvent: 'onStartupFinished'
[2021-10-30 01:27:59.169] [exthost] [info] ExtensionService#loadCommonJSModule file:///home/silonimo/.vscode-server/extensions/esbenp.prettier-vscode-9.0.0/dist/extension
[2021-10-30 01:28:00.968] [exthost] [info] eager extensions activated
[2021-10-30 01:28:00.997] [exthost] [info] ExtensionService#_doActivateExtension ms-vscode.js-debug, startup: false, activationEvent: 'onCommand:extension.js-debug.clearAutoAttachVariables'
[2021-10-30 01:28:01.000] [exthost] [info] ExtensionService#loadCommonJSModule file:///home/silonimo/.vscode-server/bin/6cba118ac49a1b88332f312a8f67186f7f3c1643/extensions/ms-vscode.js-debug/src/extension.js
[2021-10-30 01:28:01.344] [exthost] [info] ExtensionService#_doActivateExtension vscode.html-language-features, startup: false, activationEvent: 'onLanguage:html'
[2021-10-30 01:28:01.344] [exthost] [info] ExtensionService#loadCommonJSModule file:///home/silonimo/.vscode-server/bin/6cba118ac49a1b88332f312a8f67186f7f3c1643/extensions/html-language-features/client/dist/node/htmlClientMain
[2021-10-30 02:12:28.607] [exthost] [info] extension host terminating: received terminate message from renderer
[2021-10-30 02:12:28.608] [exthost] [info] Lock '/home/silonimo/.vscode-server/data/User/workspaceStorage/4d9b7fd06d91b6f6dde3f37ee0445dc5/vscode.lock': Marking the lockfile as scheduled to be released in 6000 ms.
[2021-10-30 02:12:29.675] [exthost] [info] exiting with code 0
