[2021-10-30 02:11:07.466] [exthost] [info] extension host started
[2021-10-30 02:11:07.507] [exthost] [info] Lock '/home/silonimo/.vscode-server/data/User/workspaceStorage/e90e61dc1f71aec72028d3d304f7073d/vscode.lock': Lock acquired.
[2021-10-30 02:11:08.353] [exthost] [info] ExtensionService#_doActivateExtension vscode.debug-auto-launch, startup: true, activationEvent: '*'
[2021-10-30 02:11:08.354] [exthost] [info] ExtensionService#loadCommonJSModule file:///home/silonimo/.vscode-server/bin/6cba118ac49a1b88332f312a8f67186f7f3c1643/extensions/debug-auto-launch/dist/extension
[2021-10-30 02:11:08.384] [exthost] [info] ExtensionService#_doActivateExtension vscode.git, startup: true, activationEvent: '*', root cause: vscode.github
[2021-10-30 02:11:08.384] [exthost] [info] ExtensionService#loadCommonJSModule file:///home/silonimo/.vscode-server/bin/6cba118ac49a1b88332f312a8f67186f7f3c1643/extensions/git/dist/main
[2021-10-30 02:11:08.728] [exthost] [info] ExtensionService#_doActivateExtension christian-kohler.path-intellisense, startup: true, activationEvent: '*'
[2021-10-30 02:11:08.729] [exthost] [info] ExtensionService#loadCommonJSModule file:///home/silonimo/.vscode-server/extensions/christian-kohler.path-intellisense-2.4.1/out/extension.js
[2021-10-30 02:11:08.767] [exthost] [info] ExtensionService#_doActivateExtension naumovs.color-highlight, startup: true, activationEvent: '*'
[2021-10-30 02:11:08.767] [exthost] [info] ExtensionService#loadCommonJSModule file:///home/silonimo/.vscode-server/extensions/naumovs.color-highlight-2.5.0/dist/extension-node.js
[2021-10-30 02:11:10.390] [exthost] [info] ExtensionService#_doActivateExtension ritwickdey.LiveServer, startup: false, activationEvent: '*'
[2021-10-30 02:11:10.390] [exthost] [info] ExtensionService#loadCommonJSModule file:///home/silonimo/.vscode-server/extensions/ritwickdey.liveserver-5.6.1/out/src/extension
[2021-10-30 02:11:11.657] [exthost] [info] ExtensionService#_doActivateExtension vscode.github, startup: true, activationEvent: '*'
[2021-10-30 02:11:11.658] [exthost] [info] ExtensionService#loadCommonJSModule file:///home/silonimo/.vscode-server/bin/6cba118ac49a1b88332f312a8f67186f7f3c1643/extensions/github/dist/extension.js
[2021-10-30 02:11:11.823] [exthost] [info] ExtensionService#_doActivateExtension ms-vscode.js-debug, startup: false, activationEvent: 'onCommand:extension.js-debug.clearAutoAttachVariables'
[2021-10-30 02:11:11.823] [exthost] [info] ExtensionService#loadCommonJSModule file:///home/silonimo/.vscode-server/bin/6cba118ac49a1b88332f312a8f67186f7f3c1643/extensions/ms-vscode.js-debug/src/extension.js
[2021-10-30 02:11:12.868] [exthost] [info] ExtensionService#_doActivateExtension vscode.emmet, startup: false, activationEvent: 'onStartupFinished'
[2021-10-30 02:11:12.868] [exthost] [info] ExtensionService#loadCommonJSModule file:///home/silonimo/.vscode-server/bin/6cba118ac49a1b88332f312a8f67186f7f3c1643/extensions/emmet/dist/node/emmetNodeMain
[2021-10-30 02:11:12.927] [exthost] [info] ExtensionService#_doActivateExtension vscode.merge-conflict, startup: false, activationEvent: 'onStartupFinished'
[2021-10-30 02:11:12.927] [exthost] [info] ExtensionService#loadCommonJSModule file:///home/silonimo/.vscode-server/bin/6cba118ac49a1b88332f312a8f67186f7f3c1643/extensions/merge-conflict/dist/mergeConflictMain
[2021-10-30 02:11:12.942] [exthost] [info] ExtensionService#_doActivateExtension esbenp.prettier-vscode, startup: false, activationEvent: 'onStartupFinished'
[2021-10-30 02:11:12.942] [exthost] [info] ExtensionService#loadCommonJSModule file:///home/silonimo/.vscode-server/extensions/esbenp.prettier-vscode-9.0.0/dist/extension
[2021-10-30 02:11:14.739] [exthost] [info] eager extensions activated
[2021-10-30 02:12:16.270] [exthost] [info] extension host terminating: received terminate message from renderer
[2021-10-30 02:12:16.271] [exthost] [info] Lock '/home/silonimo/.vscode-server/data/User/workspaceStorage/e90e61dc1f71aec72028d3d304f7073d/vscode.lock': Marking the lockfile as scheduled to be released in 6000 ms.
[2021-10-30 02:12:17.323] [exthost] [info] exiting with code 0
